<?xml version="1.0" encoding="UTF-8"?>
<testsuite xmlns:xsi="http://www.w3.org/2001/XMLSchema-instance" xsi:noNamespaceSchemaLocation="https://maven.apache.org/surefire/maven-surefire-plugin/xsd/surefire-test-report.xsd" version="3.0.1" name="org.demoiselle.jee.openapi.OpenAPIContributorAggregationPropertyTest" time="0.765" tests="2" errors="0" skipped="0" failures="0">
  <properties>
[...]
</properties>
  <testcase name="firstContributorWinsOnOverlappingPaths" classname="org.demoiselle.jee.openapi.OpenAPIContributorAggregationPropertyTest" time="0.639">
    <system-out><![CDATA[timestamp = 2026-04-02T12:01:12.363390200, [cross-cutting-improvements, property-4-first-wins-on-overlap] OpenAPIContributorAggregationPropertyTest:firstContributorWinsOnOverlappingPaths = 
                              |-----------------------jqwik-----------------------
tries = 100                   | # of calls to property
checks = 100                  | # of not rejected calls
generation = RANDOMIZED       | parameters are randomly generated
after-failure = SAMPLE_FIRST  | try previously failed sample, then previous seed
when-fixed-seed = ALLOW       | fixing the random seed is allowed
edge-cases#mode = MIXIN       | edge cases are mixed in
edge-cases#total = 100        | # of all combined edge cases
edge-cases#tried = 16         | # of edge cases tried in current run
seed = -148624273607954830    | random seed to reproduce generated values


]]></system-out>
    <system-err><![CDATA[abr. 02, 2026 12:01:12 PM net.jqwik.engine.properties.RandomizedShrinkablesGenerator logEdgeCasesOutnumberTriesIfApplicable
INFO: Edge case generation exceeds number of tries. Stopped after 100 generated cases.
]]></system-err>
  </testcase>
  <testcase name="allDistinctPathsArePreservedInMergedDocument" classname="org.demoiselle.jee.openapi.OpenAPIContributorAggregationPropertyTest" time="0.095">
    <system-out><![CDATA[timestamp = 2026-04-02T12:01:12.468350, [cross-cutting-improvements, property-4-aggregation-preserves-paths] OpenAPIContributorAggregationPropertyTest:allDistinctPathsArePreservedInMergedDocument = 
                              |-----------------------jqwik-----------------------
tries = 100                   | # of calls to property
checks = 100                  | # of not rejected calls
generation = RANDOMIZED       | parameters are randomly generated
after-failure = SAMPLE_FIRST  | try previously failed sample, then previous seed
when-fixed-seed = ALLOW       | fixing the random seed is allowed
edge-cases#mode = MIXIN       | edge cases are mixed in
edge-cases#total = 4          | # of all combined edge cases
edge-cases#tried = 4          | # of edge cases tried in current run
seed = -3673396429249884735   | random seed to reproduce generated values


]]></system-out>
  </testcase>
</testsuite>