# JRE version: Java(TM) SE Runtime Environment (8.0_101-b13) (build 1.8.0_101-b13)
# Java VM: Java HotSpot(TM) 64-Bit Server VM (25.101-b13 mixed mode linux-amd64 compressed oops)
Heap:
 PSYoungGen      total 206848K, used 377K [0x00000000d6a00000, 0x00000000e4e00000, 0x0000000100000000)
  eden space 182272K, 0% used [0x00000000d6a00000,0x00000000d6a00000,0x00000000e1c00000)
  from space 24576K, 1% used [0x00000000e1c00000,0x00000000e1c5e6c8,0x00000000e3400000)
  to   space 24576K, 0% used [0x00000000e3600000,0x00000000e3600000,0x00000000e4e00000)
 ParOldGen       total 84992K, used 71678K [0x0000000083e00000, 0x0000000089100000, 0x00000000d6a00000)
  object space 84992K, 84% used [0x0000000083e00000,0x00000000883ffab0,0x0000000089100000)
 Metaspace       used 54413K, capacity 55812K, committed 55976K, reserved 1097728K
  class space    used 6266K, capacity 6727K, committed 6832K, reserved 1048576K
GC Heap History (10 events):
Event: 166,797 GC heap after
Heap after GC invocations=17 (full 2):
 PSYoungGen      total 114688K, used 3659K [0x00000000d6a00000, 0x00000000e1f00000, 0x0000000100000000)
  eden space 92160K, 0% used [0x00000000d6a00000,0x00000000d6a00000,0x00000000dc400000)
  from space 22528K, 16% used [0x00000000dc400000,0x00000000dc792dd0,0x00000000dda00000)
  to   space 22016K, 0% used [0x00000000e0980000,0x00000000e0980000,0x00000000e1f00000)
 ParOldGen       total 84992K, used 51812K [0x0000000083e00000, 0x0000000089100000, 0x00000000d6a00000)
  object space 84992K, 60% used [0x0000000083e00000,0x0000000087099368,0x0000000089100000)
 Metaspace       used 44402K, capacity 45618K, committed 45736K, reserved 1089536K
  class space    used 5057K, capacity 5459K, committed 5552K, reserved 1048576K
}
Event: 193,825 GC heap before
{Heap before GC invocations=18 (full 2):
 PSYoungGen      total 114688K, used 95819K [0x00000000d6a00000, 0x00000000e1f00000, 0x0000000100000000)
  eden space 92160K, 100% used [0x00000000d6a00000,0x00000000dc400000,0x00000000dc400000)
  from space 22528K, 16% used [0x00000000dc400000,0x00000000dc792dd0,0x00000000dda00000)
  to   space 22016K, 0% used [0x00000000e0980000,0x00000000e0980000,0x00000000e1f00000)
 ParOldGen       total 84992K, used 51812K [0x0000000083e00000, 0x0000000089100000, 0x00000000d6a00000)
  object space 84992K, 60% used [0x0000000083e00000,0x0000000087099368,0x0000000089100000)
 Metaspace       used 44644K, capacity 45886K, committed 46248K, reserved 1089536K
  class space    used 5060K, capacity 5461K, committed 5552K, reserved 1048576K
Event: 193,830 GC heap after
Heap after GC invocations=18 (full 2):
 PSYoungGen      total 160256K, used 2564K [0x00000000d6a00000, 0x00000000e1d80000, 0x0000000100000000)
  eden space 139776K, 0% used [0x00000000d6a00000,0x00000000d6a00000,0x00000000df280000)
  from space 20480K, 12% used [0x00000000e0980000,0x00000000e0c010f0,0x00000000e1d80000)
  to   space 22016K, 0% used [0x00000000df280000,0x00000000df280000,0x00000000e0800000)
 ParOldGen       total 84992K, used 51924K [0x0000000083e00000, 0x0000000089100000, 0x00000000d6a00000)
  object space 84992K, 61% used [0x0000000083e00000,0x00000000870b5368,0x0000000089100000)
 Metaspace       used 44644K, capacity 45886K, committed 46248K, reserved 1089536K
  class space    used 5060K, capacity 5461K, committed 5552K, reserved 1048576K
}
Event: 226,844 GC heap before
{Heap before GC invocations=19 (full 2):
 PSYoungGen      total 160256K, used 142340K [0x00000000d6a00000, 0x00000000e1d80000, 0x0000000100000000)
  eden space 139776K, 100% used [0x00000000d6a00000,0x00000000df280000,0x00000000df280000)
  from space 20480K, 12% used [0x00000000e0980000,0x00000000e0c010f0,0x00000000e1d80000)
  to   space 22016K, 0% used [0x00000000df280000,0x00000000df280000,0x00000000e0800000)
 ParOldGen       total 84992K, used 51924K [0x0000000083e00000, 0x0000000089100000, 0x00000000d6a00000)
  object space 84992K, 61% used [0x0000000083e00000,0x00000000870b5368,0x0000000089100000)
 Metaspace       used 44763K, capacity 46014K, committed 46248K, reserved 1089536K
  class space    used 5060K, capacity 5461K, committed 5552K, reserved 1048576K
Event: 226,849 GC heap after
Heap after GC invocations=19 (full 2):
 PSYoungGen      total 161792K, used 4459K [0x00000000d6a00000, 0x00000000e4880000, 0x0000000100000000)
  eden space 139776K, 0% used [0x00000000d6a00000,0x00000000d6a00000,0x00000000df280000)
  from space 22016K, 20% used [0x00000000df280000,0x00000000df6daf20,0x00000000e0800000)
  to   space 20992K, 0% used [0x00000000e3400000,0x00000000e3400000,0x00000000e4880000)
 ParOldGen       total 84992K, used 53033K [0x0000000083e00000, 0x0000000089100000, 0x00000000d6a00000)
  object space 84992K, 62% used [0x0000000083e00000,0x00000000871ca7d8,0x0000000089100000)
 Metaspace       used 44763K, capacity 46014K, committed 46248K, reserved 1089536K
  class space    used 5060K, capacity 5461K, committed 5552K, reserved 1048576K
}
Event: 233,429 GC heap before
{Heap before GC invocations=20 (full 2):
 PSYoungGen      total 161792K, used 144235K [0x00000000d6a00000, 0x00000000e4880000, 0x0000000100000000)
  eden space 139776K, 100% used [0x00000000d6a00000,0x00000000df280000,0x00000000df280000)
  from space 22016K, 20% used [0x00000000df280000,0x00000000df6daf20,0x00000000e0800000)
  to   space 20992K, 0% used [0x00000000e3400000,0x00000000e3400000,0x00000000e4880000)
 ParOldGen       total 84992K, used 53033K [0x0000000083e00000, 0x0000000089100000, 0x00000000d6a00000)
  object space 84992K, 62% used [0x0000000083e00000,0x00000000871ca7d8,0x0000000089100000)
 Metaspace       used 54403K, capacity 55748K, committed 55976K, reserved 1097728K
  class space    used 6266K, capacity 6727K, committed 6832K, reserved 1048576K
Event: 233,446 GC heap after
Heap after GC invocations=20 (full 2):
 PSYoungGen      total 203264K, used 20173K [0x00000000d6a00000, 0x00000000e4e00000, 0x0000000100000000)
  eden space 182272K, 0% used [0x00000000d6a00000,0x00000000d6a00000,0x00000000e1c00000)
  from space 20992K, 96% used [0x00000000e3400000,0x00000000e47b34f8,0x00000000e4880000)
  to   space 24576K, 0% used [0x00000000e1c00000,0x00000000e1c00000,0x00000000e3400000)
 ParOldGen       total 84992K, used 54506K [0x0000000083e00000, 0x0000000089100000, 0x00000000d6a00000)
  object space 84992K, 64% used [0x0000000083e00000,0x000000008733aad8,0x0000000089100000)
 Metaspace       used 54403K, capacity 55748K, committed 55976K, reserved 1097728K
  class space    used 6266K, capacity 6727K, committed 6832K, reserved 1048576K
}
Event: 234,093 GC heap before
{Heap before GC invocations=21 (full 2):
 PSYoungGen      total 203264K, used 35141K [0x00000000d6a00000, 0x00000000e4e00000, 0x0000000100000000)
  eden space 182272K, 8% used [0x00000000d6a00000,0x00000000d789df18,0x00000000e1c00000)
  from space 20992K, 96% used [0x00000000e3400000,0x00000000e47b34f8,0x00000000e4880000)
  to   space 24576K, 0% used [0x00000000e1c00000,0x00000000e1c00000,0x00000000e3400000)
 ParOldGen       total 84992K, used 54506K [0x0000000083e00000, 0x0000000089100000, 0x00000000d6a00000)
  object space 84992K, 64% used [0x0000000083e00000,0x000000008733aad8,0x0000000089100000)
 Metaspace       used 54413K, capacity 55812K, committed 55976K, reserved 1097728K
  class space    used 6266K, capacity 6727K, committed 6832K, reserved 1048576K
Event: 234,109 GC heap after
Heap after GC invocations=21 (full 2):
 PSYoungGen      total 206848K, used 377K [0x00000000d6a00000, 0x00000000e4e00000, 0x0000000100000000)
  eden space 182272K, 0% used [0x00000000d6a00000,0x00000000d6a00000,0x00000000e1c00000)
  from space 24576K, 1% used [0x00000000e1c00000,0x00000000e1c5e6c8,0x00000000e3400000)
  to   space 24576K, 0% used [0x00000000e3600000,0x00000000e3600000,0x00000000e4e00000)
 ParOldGen       total 84992K, used 71678K [0x0000000083e00000, 0x0000000089100000, 0x00000000d6a00000)
  object space 84992K, 84% used [0x0000000083e00000,0x00000000883ffab0,0x0000000089100000)
 Metaspace       used 54413K, capacity 55812K, committed 55976K, reserved 1097728K
  class space    used 6266K, capacity 6727K, committed 6832K, reserved 1048576K
}
Event: 234,109 GC heap before
{Heap before GC invocations=22 (full 3):
 PSYoungGen      total 206848K, used 377K [0x00000000d6a00000, 0x00000000e4e00000, 0x0000000100000000)
  eden space 182272K, 0% used [0x00000000d6a00000,0x00000000d6a00000,0x00000000e1c00000)
  from space 24576K, 1% used [0x00000000e1c00000,0x00000000e1c5e6c8,0x00000000e3400000)
  to   space 24576K, 0% used [0x00000000e3600000,0x00000000e3600000,0x00000000e4e00000)
 ParOldGen       total 84992K, used 71678K [0x0000000083e00000, 0x0000000089100000, 0x00000000d6a00000)
  object space 84992K, 84% used [0x0000000083e00000,0x00000000883ffab0,0x0000000089100000)
 Metaspace       used 54413K, capacity 55812K, committed 55976K, reserved 1097728K
  class space    used 6266K, capacity 6727K, committed 6832K, reserved 1048576K

