# JRE version: Java(TM) SE Runtime Environment (8.0_101-b13) (build 1.8.0_101-b13)
# Java VM: Java HotSpot(TM) 64-Bit Server VM (25.101-b13 mixed mode linux-amd64 compressed oops)
Heap:
 PSYoungGen      total 194560K, used 10804K [0x00000000d6a00000, 0x00000000e8480000, 0x0000000100000000)
  eden space 183296K, 0% used [0x00000000d6a00000,0x00000000d6a00000,0x00000000e1d00000)
  from space 11264K, 95% used [0x00000000e7980000,0x00000000e840d3f8,0x00000000e8480000)
  to   space 15872K, 0% used [0x00000000e6580000,0x00000000e6580000,0x00000000e7500000)
 ParOldGen       total 85504K, used 22198K [0x0000000083e00000, 0x0000000089180000, 0x00000000d6a00000)
  object space 85504K, 25% used [0x0000000083e00000,0x00000000853adb38,0x0000000089180000)
 Metaspace       used 26187K, capacity 27082K, committed 27392K, reserved 1073152K
  class space    used 3033K, capacity 3292K, committed 3328K, reserved 1048576K
GC Heap History (10 events):
Event: 1,469 GC heap after
Heap after GC invocations=3 (full 0):
 PSYoungGen      total 70656K, used 5120K [0x00000000d6a00000, 0x00000000df400000, 0x0000000100000000)
  eden space 65536K, 0% used [0x00000000d6a00000,0x00000000d6a00000,0x00000000daa00000)
  from space 5120K, 100% used [0x00000000daa00000,0x00000000daf00000,0x00000000daf00000)
  to   space 5120K, 0% used [0x00000000def00000,0x00000000def00000,0x00000000df400000)
 ParOldGen       total 86016K, used 6526K [0x0000000083e00000, 0x0000000089200000, 0x00000000d6a00000)
  object space 86016K, 7% used [0x0000000083e00000,0x000000008445fae0,0x0000000089200000)
 Metaspace       used 13865K, capacity 14312K, committed 14720K, reserved 1062912K
  class space    used 1690K, capacity 1802K, committed 1920K, reserved 1048576K
}
Event: 1,947 GC heap before
{Heap before GC invocations=4 (full 0):
 PSYoungGen      total 70656K, used 70656K [0x00000000d6a00000, 0x00000000df400000, 0x0000000100000000)
  eden space 65536K, 100% used [0x00000000d6a00000,0x00000000daa00000,0x00000000daa00000)
  from space 5120K, 100% used [0x00000000daa00000,0x00000000daf00000,0x00000000daf00000)
  to   space 5120K, 0% used [0x00000000def00000,0x00000000def00000,0x00000000df400000)
 ParOldGen       total 86016K, used 6526K [0x0000000083e00000, 0x0000000089200000, 0x00000000d6a00000)
  object space 86016K, 7% used [0x0000000083e00000,0x000000008445fae0,0x0000000089200000)
 Metaspace       used 15611K, capacity 16126K, committed 16384K, reserved 1062912K
  class space    used 1844K, capacity 1979K, committed 2048K, reserved 1048576K
Event: 1,962 GC heap after
Heap after GC invocations=4 (full 0):
 PSYoungGen      total 136192K, used 5120K [0x00000000d6a00000, 0x00000000df400000, 0x0000000100000000)
  eden space 131072K, 0% used [0x00000000d6a00000,0x00000000d6a00000,0x00000000dea00000)
  from space 5120K, 100% used [0x00000000def00000,0x00000000df400000,0x00000000df400000)
  to   space 5120K, 0% used [0x00000000dea00000,0x00000000dea00000,0x00000000def00000)
 ParOldGen       total 86016K, used 10554K [0x0000000083e00000, 0x0000000089200000, 0x00000000d6a00000)
  object space 86016K, 12% used [0x0000000083e00000,0x000000008484ea38,0x0000000089200000)
 Metaspace       used 15611K, capacity 16126K, committed 16384K, reserved 1062912K
  class space    used 1844K, capacity 1979K, committed 2048K, reserved 1048576K
}
Event: 2,745 GC heap before
{Heap before GC invocations=5 (full 0):
 PSYoungGen      total 136192K, used 112064K [0x00000000d6a00000, 0x00000000df400000, 0x0000000100000000)
  eden space 131072K, 81% used [0x00000000d6a00000,0x00000000dd2701f0,0x00000000dea00000)
  from space 5120K, 100% used [0x00000000def00000,0x00000000df400000,0x00000000df400000)
  to   space 5120K, 0% used [0x00000000dea00000,0x00000000dea00000,0x00000000def00000)
 ParOldGen       total 86016K, used 10554K [0x0000000083e00000, 0x0000000089200000, 0x00000000d6a00000)
  object space 86016K, 12% used [0x0000000083e00000,0x000000008484ea38,0x0000000089200000)
 Metaspace       used 20395K, capacity 21136K, committed 21296K, reserved 1069056K
  class space    used 2418K, capacity 2666K, committed 2688K, reserved 1048576K
Event: 2,768 GC heap after
Heap after GC invocations=5 (full 0):
 PSYoungGen      total 136192K, used 5104K [0x00000000d6a00000, 0x00000000e8900000, 0x0000000100000000)
  eden space 131072K, 0% used [0x00000000d6a00000,0x00000000d6a00000,0x00000000dea00000)
  from space 5120K, 99% used [0x00000000dea00000,0x00000000deefc0b0,0x00000000def00000)
  to   space 15872K, 0% used [0x00000000e7980000,0x00000000e7980000,0x00000000e8900000)
 ParOldGen       total 86016K, used 20208K [0x0000000083e00000, 0x0000000089200000, 0x00000000d6a00000)
  object space 86016K, 23% used [0x0000000083e00000,0x00000000851bc1e8,0x0000000089200000)
 Metaspace       used 20395K, capacity 21136K, committed 21296K, reserved 1069056K
  class space    used 2418K, capacity 2666K, committed 2688K, reserved 1048576K
}
Event: 2,768 GC heap before
{Heap before GC invocations=6 (full 1):
 PSYoungGen      total 136192K, used 5104K [0x00000000d6a00000, 0x00000000e8900000, 0x0000000100000000)
  eden space 131072K, 0% used [0x00000000d6a00000,0x00000000d6a00000,0x00000000dea00000)
  from space 5120K, 99% used [0x00000000dea00000,0x00000000deefc0b0,0x00000000def00000)
  to   space 15872K, 0% used [0x00000000e7980000,0x00000000e7980000,0x00000000e8900000)
 ParOldGen       total 86016K, used 20208K [0x0000000083e00000, 0x0000000089200000, 0x00000000d6a00000)
  object space 86016K, 23% used [0x0000000083e00000,0x00000000851bc1e8,0x0000000089200000)
 Metaspace       used 20395K, capacity 21136K, committed 21296K, reserved 1069056K
  class space    used 2418K, capacity 2666K, committed 2688K, reserved 1048576K
Event: 2,861 GC heap after
Heap after GC invocations=6 (full 1):
 PSYoungGen      total 136192K, used 0K [0x00000000d6a00000, 0x00000000e8900000, 0x0000000100000000)
  eden space 131072K, 0% used [0x00000000d6a00000,0x00000000d6a00000,0x00000000dea00000)
  from space 5120K, 0% used [0x00000000dea00000,0x00000000dea00000,0x00000000def00000)
  to   space 15872K, 0% used [0x00000000e7980000,0x00000000e7980000,0x00000000e8900000)
 ParOldGen       total 85504K, used 22190K [0x0000000083e00000, 0x0000000089180000, 0x00000000d6a00000)
  object space 85504K, 25% used [0x0000000083e00000,0x00000000853abb38,0x0000000089180000)
 Metaspace       used 20395K, capacity 21136K, committed 21296K, reserved 1069056K
  class space    used 2418K, capacity 2666K, committed 2688K, reserved 1048576K
}
Event: 19,539 GC heap before
{Heap before GC invocations=7 (full 1):
 PSYoungGen      total 136192K, used 96452K [0x00000000d6a00000, 0x00000000e8900000, 0x0000000100000000)
  eden space 131072K, 73% used [0x00000000d6a00000,0x00000000dc8310f8,0x00000000dea00000)
  from space 5120K, 0% used [0x00000000dea00000,0x00000000dea00000,0x00000000def00000)
  to   space 15872K, 0% used [0x00000000e7980000,0x00000000e7980000,0x00000000e8900000)
 ParOldGen       total 85504K, used 22190K [0x0000000083e00000, 0x0000000089180000, 0x00000000d6a00000)
  object space 85504K, 25% used [0x0000000083e00000,0x00000000853abb38,0x0000000089180000)
 Metaspace       used 26187K, capacity 27082K, committed 27392K, reserved 1073152K
  class space    used 3033K, capacity 3292K, committed 3328K, reserved 1048576K
Event: 19,558 GC heap after
Heap after GC invocations=7 (full 1):
 PSYoungGen      total 194560K, used 10804K [0x00000000d6a00000, 0x00000000e8480000, 0x0000000100000000)
  eden space 183296K, 0% used [0x00000000d6a00000,0x00000000d6a00000,0x00000000e1d00000)
  from space 11264K, 95% used [0x00000000e7980000,0x00000000e840d3f8,0x00000000e8480000)
  to   space 15872K, 0% used [0x00000000e6580000,0x00000000e6580000,0x00000000e7500000)
 ParOldGen       total 85504K, used 22198K [0x0000000083e00000, 0x0000000089180000, 0x00000000d6a00000)
  object space 85504K, 25% used [0x0000000083e00000,0x00000000853adb38,0x0000000089180000)
 Metaspace       used 26187K, capacity 27082K, committed 27392K, reserved 1073152K
  class space    used 3033K, capacity 3292K, committed 3328K, reserved 1048576K
}
Event: 19,558 GC heap before
{Heap before GC invocations=8 (full 2):
 PSYoungGen      total 194560K, used 10804K [0x00000000d6a00000, 0x00000000e8480000, 0x0000000100000000)
  eden space 183296K, 0% used [0x00000000d6a00000,0x00000000d6a00000,0x00000000e1d00000)
  from space 11264K, 95% used [0x00000000e7980000,0x00000000e840d3f8,0x00000000e8480000)
  to   space 15872K, 0% used [0x00000000e6580000,0x00000000e6580000,0x00000000e7500000)
 ParOldGen       total 85504K, used 22198K [0x0000000083e00000, 0x0000000089180000, 0x00000000d6a00000)
  object space 85504K, 25% used [0x0000000083e00000,0x00000000853adb38,0x0000000089180000)
 Metaspace       used 26187K, capacity 27082K, committed 27392K, reserved 1073152K
  class space    used 3033K, capacity 3292K, committed 3328K, reserved 1048576K

