# JRE version: Java(TM) SE Runtime Environment (8.0_101-b13) (build 1.8.0_101-b13)
# Java VM: Java HotSpot(TM) 64-Bit Server VM (25.101-b13 mixed mode linux-amd64 compressed oops)
Heap:
 PSYoungGen      total 141312K, used 85806K [0x00000000d6a00000, 0x00000000e8100000, 0x0000000100000000)
  eden space 128512K, 66% used [0x00000000d6a00000,0x00000000dbdcb910,0x00000000de780000)
  from space 12800K, 0% used [0x00000000de780000,0x00000000de780000,0x00000000df400000)
  to   space 14336K, 0% used [0x00000000e7300000,0x00000000e7300000,0x00000000e8100000)
 ParOldGen       total 73728K, used 21147K [0x0000000083e00000, 0x0000000088600000, 0x00000000d6a00000)
  object space 73728K, 28% used [0x0000000083e00000,0x00000000852a6e68,0x0000000088600000)
 Metaspace       used 25914K, capacity 26924K, committed 27136K, reserved 1073152K
  class space    used 3001K, capacity 3297K, committed 3328K, reserved 1048576K
GC Heap History (10 events):
Event: 1,211 GC heap before
{Heap before GC invocations=4 (full 0):
 PSYoungGen      total 37888K, used 37872K [0x00000000d6a00000, 0x00000000db400000, 0x0000000100000000)
  eden space 32768K, 100% used [0x00000000d6a00000,0x00000000d8a00000,0x00000000d8a00000)
  from space 5120K, 99% used [0x00000000d8a00000,0x00000000d8efc010,0x00000000d8f00000)
  to   space 5120K, 0% used [0x00000000daf00000,0x00000000daf00000,0x00000000db400000)
 ParOldGen       total 86016K, used 5033K [0x0000000083e00000, 0x0000000089200000, 0x00000000d6a00000)
  object space 86016K, 5% used [0x0000000083e00000,0x00000000842ea7e0,0x0000000089200000)
 Metaspace       used 13892K, capacity 14312K, committed 14720K, reserved 1062912K
  class space    used 1690K, capacity 1802K, committed 1920K, reserved 1048576K
Event: 1,218 GC heap after
Heap after GC invocations=4 (full 0):
 PSYoungGen      total 70656K, used 5104K [0x00000000d6a00000, 0x00000000db400000, 0x0000000100000000)
  eden space 65536K, 0% used [0x00000000d6a00000,0x00000000d6a00000,0x00000000daa00000)
  from space 5120K, 99% used [0x00000000daf00000,0x00000000db3fc010,0x00000000db400000)
  to   space 5120K, 0% used [0x00000000daa00000,0x00000000daa00000,0x00000000daf00000)
 ParOldGen       total 86016K, used 6978K [0x0000000083e00000, 0x0000000089200000, 0x00000000d6a00000)
  object space 86016K, 8% used [0x0000000083e00000,0x00000000844d0b68,0x0000000089200000)
 Metaspace       used 13892K, capacity 14312K, committed 14720K, reserved 1062912K
  class space    used 1690K, capacity 1802K, committed 1920K, reserved 1048576K
}
Event: 1,526 GC heap before
{Heap before GC invocations=5 (full 0):
 PSYoungGen      total 70656K, used 70640K [0x00000000d6a00000, 0x00000000db400000, 0x0000000100000000)
  eden space 65536K, 100% used [0x00000000d6a00000,0x00000000daa00000,0x00000000daa00000)
  from space 5120K, 99% used [0x00000000daf00000,0x00000000db3fc010,0x00000000db400000)
  to   space 5120K, 0% used [0x00000000daa00000,0x00000000daa00000,0x00000000daf00000)
 ParOldGen       total 86016K, used 6978K [0x0000000083e00000, 0x0000000089200000, 0x00000000d6a00000)
  object space 86016K, 8% used [0x0000000083e00000,0x00000000844d0b68,0x0000000089200000)
 Metaspace       used 15559K, capacity 16062K, committed 16384K, reserved 1062912K
  class space    used 1844K, capacity 1979K, committed 2048K, reserved 1048576K
Event: 1,533 GC heap after
Heap after GC invocations=5 (full 0):
 PSYoungGen      total 70656K, used 5104K [0x00000000d6a00000, 0x00000000dfe00000, 0x0000000100000000)
  eden space 65536K, 0% used [0x00000000d6a00000,0x00000000d6a00000,0x00000000daa00000)
  from space 5120K, 99% used [0x00000000daa00000,0x00000000daefc010,0x00000000daf00000)
  to   space 10240K, 0% used [0x00000000df400000,0x00000000df400000,0x00000000dfe00000)
 ParOldGen       total 86016K, used 10948K [0x0000000083e00000, 0x0000000089200000, 0x00000000d6a00000)
  object space 86016K, 12% used [0x0000000083e00000,0x00000000848b1078,0x0000000089200000)
 Metaspace       used 15559K, capacity 16062K, committed 16384K, reserved 1062912K
  class space    used 1844K, capacity 1979K, committed 2048K, reserved 1048576K
}
Event: 1,842 GC heap before
{Heap before GC invocations=6 (full 0):
 PSYoungGen      total 70656K, used 70640K [0x00000000d6a00000, 0x00000000dfe00000, 0x0000000100000000)
  eden space 65536K, 100% used [0x00000000d6a00000,0x00000000daa00000,0x00000000daa00000)
  from space 5120K, 99% used [0x00000000daa00000,0x00000000daefc010,0x00000000daf00000)
  to   space 10240K, 0% used [0x00000000df400000,0x00000000df400000,0x00000000dfe00000)
 ParOldGen       total 86016K, used 10948K [0x0000000083e00000, 0x0000000089200000, 0x00000000d6a00000)
  object space 86016K, 12% used [0x0000000083e00000,0x00000000848b1078,0x0000000089200000)
 Metaspace       used 17622K, capacity 18258K, committed 18432K, reserved 1064960K
  class space    used 2061K, capacity 2257K, committed 2304K, reserved 1048576K
Event: 1,852 GC heap after
Heap after GC invocations=6 (full 0):
 PSYoungGen      total 138752K, used 10224K [0x00000000d6a00000, 0x00000000e0300000, 0x0000000100000000)
  eden space 128512K, 0% used [0x00000000d6a00000,0x00000000d6a00000,0x00000000de780000)
  from space 10240K, 99% used [0x00000000df400000,0x00000000dfdfc3d0,0x00000000dfe00000)
  to   space 12800K, 0% used [0x00000000de780000,0x00000000de780000,0x00000000df400000)
 ParOldGen       total 86016K, used 13119K [0x0000000083e00000, 0x0000000089200000, 0x00000000d6a00000)
  object space 86016K, 15% used [0x0000000083e00000,0x0000000084acfd08,0x0000000089200000)
 Metaspace       used 17622K, capacity 18258K, committed 18432K, reserved 1064960K
  class space    used 2061K, capacity 2257K, committed 2304K, reserved 1048576K
}
Event: 2,421 GC heap before
{Heap before GC invocations=7 (full 0):
 PSYoungGen      total 138752K, used 82175K [0x00000000d6a00000, 0x00000000e0300000, 0x0000000100000000)
  eden space 128512K, 55% used [0x00000000d6a00000,0x00000000db043a90,0x00000000de780000)
  from space 10240K, 99% used [0x00000000df400000,0x00000000dfdfc3d0,0x00000000dfe00000)
  to   space 12800K, 0% used [0x00000000de780000,0x00000000de780000,0x00000000df400000)
 ParOldGen       total 86016K, used 13119K [0x0000000083e00000, 0x0000000089200000, 0x00000000d6a00000)
  object space 86016K, 15% used [0x0000000083e00000,0x0000000084acfd08,0x0000000089200000)
 Metaspace       used 20413K, capacity 21138K, committed 21296K, reserved 1069056K
  class space    used 2409K, capacity 2639K, committed 2688K, reserved 1048576K
Event: 2,434 GC heap after
Heap after GC invocations=7 (full 0):
 PSYoungGen      total 141312K, used 11984K [0x00000000d6a00000, 0x00000000e8100000, 0x0000000100000000)
  eden space 128512K, 0% used [0x00000000d6a00000,0x00000000d6a00000,0x00000000de780000)
  from space 12800K, 93% used [0x00000000de780000,0x00000000df3341d0,0x00000000df400000)
  to   space 14336K, 0% used [0x00000000e7300000,0x00000000e7300000,0x00000000e8100000)
 ParOldGen       total 86016K, used 15077K [0x0000000083e00000, 0x0000000089200000, 0x00000000d6a00000)
  object space 86016K, 17% used [0x0000000083e00000,0x0000000084cb9568,0x0000000089200000)
 Metaspace       used 20413K, capacity 21138K, committed 21296K, reserved 1069056K
  class space    used 2409K, capacity 2639K, committed 2688K, reserved 1048576K
}
Event: 2,434 GC heap before
{Heap before GC invocations=8 (full 1):
 PSYoungGen      total 141312K, used 11984K [0x00000000d6a00000, 0x00000000e8100000, 0x0000000100000000)
  eden space 128512K, 0% used [0x00000000d6a00000,0x00000000d6a00000,0x00000000de780000)
  from space 12800K, 93% used [0x00000000de780000,0x00000000df3341d0,0x00000000df400000)
  to   space 14336K, 0% used [0x00000000e7300000,0x00000000e7300000,0x00000000e8100000)
 ParOldGen       total 86016K, used 15077K [0x0000000083e00000, 0x0000000089200000, 0x00000000d6a00000)
  object space 86016K, 17% used [0x0000000083e00000,0x0000000084cb9568,0x0000000089200000)
 Metaspace       used 20413K, capacity 21138K, committed 21296K, reserved 1069056K
  class space    used 2409K, capacity 2639K, committed 2688K, reserved 1048576K
Event: 2,482 GC heap after
Heap after GC invocations=8 (full 1):
 PSYoungGen      total 141312K, used 0K [0x00000000d6a00000, 0x00000000e8100000, 0x0000000100000000)
  eden space 128512K, 0% used [0x00000000d6a00000,0x00000000d6a00000,0x00000000de780000)
  from space 12800K, 0% used [0x00000000de780000,0x00000000de780000,0x00000000df400000)
  to   space 14336K, 0% used [0x00000000e7300000,0x00000000e7300000,0x00000000e8100000)
 ParOldGen       total 73728K, used 21147K [0x0000000083e00000, 0x0000000088600000, 0x00000000d6a00000)
  object space 73728K, 28% used [0x0000000083e00000,0x00000000852a6e68,0x0000000088600000)
 Metaspace       used 20413K, capacity 21138K, committed 21296K, reserved 1069056K
  class space    used 2409K, capacity 2639K, committed 2688K, reserved 1048576K
}

