# JRE version: Java(TM) SE Runtime Environment (8.0_101-b13) (build 1.8.0_101-b13)
# Java VM: Java HotSpot(TM) 64-Bit Server VM (25.101-b13 mixed mode linux-amd64 compressed oops)
Heap:
 PSYoungGen      total 278016K, used 212001K [0x00000000d6a00000, 0x00000000f2700000, 0x0000000100000000)
  eden space 262144K, 74% used [0x00000000d6a00000,0x00000000e298b640,0x00000000e6a00000)
  from space 15872K, 99% used [0x00000000e6a00000,0x00000000e797d1a0,0x00000000e7980000)
  to   space 18944K, 0% used [0x00000000f1480000,0x00000000f1480000,0x00000000f2700000)
 ParOldGen       total 78336K, used 24139K [0x0000000083e00000, 0x0000000088a80000, 0x00000000d6a00000)
  object space 78336K, 30% used [0x0000000083e00000,0x0000000085592ff8,0x0000000088a80000)
 Metaspace       used 29330K, capacity 30310K, committed 30464K, reserved 1077248K
  class space    used 3273K, capacity 3527K, committed 3584K, reserved 1048576K
GC Heap History (10 events):
Event: 1,537 GC heap before
{Heap before GC invocations=4 (full 0):
 PSYoungGen      total 70656K, used 70640K [0x00000000d6a00000, 0x00000000df400000, 0x0000000100000000)
  eden space 65536K, 100% used [0x00000000d6a00000,0x00000000daa00000,0x00000000daa00000)
  from space 5120K, 99% used [0x00000000daa00000,0x00000000daefc010,0x00000000daf00000)
  to   space 5120K, 0% used [0x00000000def00000,0x00000000def00000,0x00000000df400000)
 ParOldGen       total 86016K, used 6857K [0x0000000083e00000, 0x0000000089200000, 0x00000000d6a00000)
  object space 86016K, 7% used [0x0000000083e00000,0x00000000844b2418,0x0000000089200000)
 Metaspace       used 15559K, capacity 16062K, committed 16384K, reserved 1062912K
  class space    used 1844K, capacity 1979K, committed 2048K, reserved 1048576K
Event: 1,546 GC heap after
Heap after GC invocations=4 (full 0):
 PSYoungGen      total 136192K, used 5120K [0x00000000d6a00000, 0x00000000df400000, 0x0000000100000000)
  eden space 131072K, 0% used [0x00000000d6a00000,0x00000000d6a00000,0x00000000dea00000)
  from space 5120K, 100% used [0x00000000def00000,0x00000000df400000,0x00000000df400000)
  to   space 5120K, 0% used [0x00000000dea00000,0x00000000dea00000,0x00000000def00000)
 ParOldGen       total 86016K, used 10838K [0x0000000083e00000, 0x0000000089200000, 0x00000000d6a00000)
  object space 86016K, 12% used [0x0000000083e00000,0x0000000084895840,0x0000000089200000)
 Metaspace       used 15559K, capacity 16062K, committed 16384K, reserved 1062912K
  class space    used 1844K, capacity 1979K, committed 2048K, reserved 1048576K
}
Event: 2,360 GC heap before
{Heap before GC invocations=5 (full 0):
 PSYoungGen      total 136192K, used 136192K [0x00000000d6a00000, 0x00000000df400000, 0x0000000100000000)
  eden space 131072K, 100% used [0x00000000d6a00000,0x00000000dea00000,0x00000000dea00000)
  from space 5120K, 100% used [0x00000000def00000,0x00000000df400000,0x00000000df400000)
  to   space 5120K, 0% used [0x00000000dea00000,0x00000000dea00000,0x00000000def00000)
 ParOldGen       total 86016K, used 10838K [0x0000000083e00000, 0x0000000089200000, 0x00000000d6a00000)
  object space 86016K, 12% used [0x0000000083e00000,0x0000000084895840,0x0000000089200000)
 Metaspace       used 18400K, capacity 19102K, committed 19328K, reserved 1067008K
  class space    used 2118K, capacity 2343K, committed 2432K, reserved 1048576K
Event: 2,376 GC heap after
Heap after GC invocations=5 (full 0):
 PSYoungGen      total 136192K, used 5104K [0x00000000d6a00000, 0x00000000e8900000, 0x0000000100000000)
  eden space 131072K, 0% used [0x00000000d6a00000,0x00000000d6a00000,0x00000000dea00000)
  from space 5120K, 99% used [0x00000000dea00000,0x00000000deefc030,0x00000000def00000)
  to   space 15872K, 0% used [0x00000000e7980000,0x00000000e7980000,0x00000000e8900000)
 ParOldGen       total 86016K, used 20720K [0x0000000083e00000, 0x0000000089200000, 0x00000000d6a00000)
  object space 86016K, 24% used [0x0000000083e00000,0x000000008523c158,0x0000000089200000)
 Metaspace       used 18400K, capacity 19102K, committed 19328K, reserved 1067008K
  class space    used 2118K, capacity 2343K, committed 2432K, reserved 1048576K
}
Event: 2,458 GC heap before
{Heap before GC invocations=6 (full 0):
 PSYoungGen      total 136192K, used 13174K [0x00000000d6a00000, 0x00000000e8900000, 0x0000000100000000)
  eden space 131072K, 6% used [0x00000000d6a00000,0x00000000d71e1a10,0x00000000dea00000)
  from space 5120K, 99% used [0x00000000dea00000,0x00000000deefc030,0x00000000def00000)
  to   space 15872K, 0% used [0x00000000e7980000,0x00000000e7980000,0x00000000e8900000)
 ParOldGen       total 86016K, used 20720K [0x0000000083e00000, 0x0000000089200000, 0x00000000d6a00000)
  object space 86016K, 24% used [0x0000000083e00000,0x000000008523c158,0x0000000089200000)
 Metaspace       used 20425K, capacity 21138K, committed 21296K, reserved 1069056K
  class space    used 2410K, capacity 2639K, committed 2688K, reserved 1048576K
Event: 2,466 GC heap after
Heap after GC invocations=6 (full 0):
 PSYoungGen      total 278016K, used 5924K [0x00000000d6a00000, 0x00000000e8900000, 0x0000000100000000)
  eden space 262144K, 0% used [0x00000000d6a00000,0x00000000d6a00000,0x00000000e6a00000)
  from space 15872K, 37% used [0x00000000e7980000,0x00000000e7f49028,0x00000000e8900000)
  to   space 15872K, 0% used [0x00000000e6a00000,0x00000000e6a00000,0x00000000e7980000)
 ParOldGen       total 86016K, used 20728K [0x0000000083e00000, 0x0000000089200000, 0x00000000d6a00000)
  object space 86016K, 24% used [0x0000000083e00000,0x000000008523e158,0x0000000089200000)
 Metaspace       used 20425K, capacity 21138K, committed 21296K, reserved 1069056K
  class space    used 2410K, capacity 2639K, committed 2688K, reserved 1048576K
}
Event: 2,466 GC heap before
{Heap before GC invocations=7 (full 1):
 PSYoungGen      total 278016K, used 5924K [0x00000000d6a00000, 0x00000000e8900000, 0x0000000100000000)
  eden space 262144K, 0% used [0x00000000d6a00000,0x00000000d6a00000,0x00000000e6a00000)
  from space 15872K, 37% used [0x00000000e7980000,0x00000000e7f49028,0x00000000e8900000)
  to   space 15872K, 0% used [0x00000000e6a00000,0x00000000e6a00000,0x00000000e7980000)
 ParOldGen       total 86016K, used 20728K [0x0000000083e00000, 0x0000000089200000, 0x00000000d6a00000)
  object space 86016K, 24% used [0x0000000083e00000,0x000000008523e158,0x0000000089200000)
 Metaspace       used 20425K, capacity 21138K, committed 21296K, reserved 1069056K
  class space    used 2410K, capacity 2639K, committed 2688K, reserved 1048576K
Event: 2,513 GC heap after
Heap after GC invocations=7 (full 1):
 PSYoungGen      total 278016K, used 0K [0x00000000d6a00000, 0x00000000e8900000, 0x0000000100000000)
  eden space 262144K, 0% used [0x00000000d6a00000,0x00000000d6a00000,0x00000000e6a00000)
  from space 15872K, 0% used [0x00000000e7980000,0x00000000e7980000,0x00000000e8900000)
  to   space 15872K, 0% used [0x00000000e6a00000,0x00000000e6a00000,0x00000000e7980000)
 ParOldGen       total 78336K, used 22854K [0x0000000083e00000, 0x0000000088a80000, 0x00000000d6a00000)
  object space 78336K, 29% used [0x0000000083e00000,0x00000000854518a0,0x0000000088a80000)
 Metaspace       used 20425K, capacity 21138K, committed 21296K, reserved 1069056K
  class space    used 2410K, capacity 2639K, committed 2688K, reserved 1048576K
}
Event: 8,441 GC heap before
{Heap before GC invocations=8 (full 1):
 PSYoungGen      total 278016K, used 262144K [0x00000000d6a00000, 0x00000000e8900000, 0x0000000100000000)
  eden space 262144K, 100% used [0x00000000d6a00000,0x00000000e6a00000,0x00000000e6a00000)
  from space 15872K, 0% used [0x00000000e7980000,0x00000000e7980000,0x00000000e8900000)
  to   space 15872K, 0% used [0x00000000e6a00000,0x00000000e6a00000,0x00000000e7980000)
 ParOldGen       total 78336K, used 22854K [0x0000000083e00000, 0x0000000088a80000, 0x00000000d6a00000)
  object space 78336K, 29% used [0x0000000083e00000,0x00000000854518a0,0x0000000088a80000)
 Metaspace       used 28856K, capacity 29786K, committed 29952K, reserved 1075200K
  class space    used 3269K, capacity 3525K, committed 3584K, reserved 1048576K
Event: 8,467 GC heap after
Heap after GC invocations=8 (full 1):
 PSYoungGen      total 278016K, used 15860K [0x00000000d6a00000, 0x00000000f2700000, 0x0000000100000000)
  eden space 262144K, 0% used [0x00000000d6a00000,0x00000000d6a00000,0x00000000e6a00000)
  from space 15872K, 99% used [0x00000000e6a00000,0x00000000e797d1a0,0x00000000e7980000)
  to   space 18944K, 0% used [0x00000000f1480000,0x00000000f1480000,0x00000000f2700000)
 ParOldGen       total 78336K, used 24139K [0x0000000083e00000, 0x0000000088a80000, 0x00000000d6a00000)
  object space 78336K, 30% used [0x0000000083e00000,0x0000000085592ff8,0x0000000088a80000)
 Metaspace       used 28856K, capacity 29786K, committed 29952K, reserved 1075200K
  class space    used 3269K, capacity 3525K, committed 3584K, reserved 1048576K
}

