<?xml version="1.0" encoding="UTF-8"?>
<testsuite xmlns:xsi="http://www.w3.org/2001/XMLSchema-instance" xsi:noNamespaceSchemaLocation="https://maven.apache.org/surefire/maven-surefire-plugin/xsd/surefire-test-report.xsd" version="3.0.1" name="org.demoiselle.jee.observability.metrics.CountedMonotonicPropertyTest" time="0.44" tests="1" errors="0" skipped="0" failures="0">
  <properties>
[...]
</properties>
  <testcase name="afterNIncrementsGetCountReturnsN" classname="org.demoiselle.jee.observability.metrics.CountedMonotonicPropertyTest" time="0.416">
    <system-out><![CDATA[timestamp = 2026-04-02T16:07:12.669834900, [cross-cutting-improvements, property-1-contagem-monotonica] CountedMonotonicPropertyTest:afterNIncrementsGetCountReturnsN = 
                              |-----------------------jqwik-----------------------
tries = 100                   | # of calls to property
checks = 100                  | # of not rejected calls
generation = RANDOMIZED       | parameters are randomly generated
after-failure = SAMPLE_FIRST  | try previously failed sample, then previous seed
when-fixed-seed = ALLOW       | fixing the random seed is allowed
edge-cases#mode = MIXIN       | edge cases are mixed in
edge-cases#total = 32         | # of all combined edge cases
edge-cases#tried = 18         | # of edge cases tried in current run
seed = 5476191173756987181    | random seed to reproduce generated values


]]></system-out>
  </testcase>
</testsuite>