<?xml version="1.0" encoding="UTF-8"?>
<testsuite xmlns:xsi="http://www.w3.org/2001/XMLSchema-instance" xsi:noNamespaceSchemaLocation="https://maven.apache.org/surefire/maven-failsafe-plugin/xsd/failsafe-test-report.xsd" version="3.0.2" name="org.demoiselle.jee.integration.ConfigScriptIT" time="2.237" tests="6" errors="0" skipped="0" failures="0" flakes="0">
  <properties>
[...]
</properties>
  <testcase name="scriptWithComplexBindings" classname="org.demoiselle.jee.integration.ConfigScriptIT" time="2.051"/>
  <testcase name="evalSourceWithConfiguredParameters" classname="org.demoiselle.jee.integration.ConfigScriptIT" time="0.077"/>
  <testcase name="scriptCacheManagement" classname="org.demoiselle.jee.integration.ConfigScriptIT" time="0.019"/>
  <testcase name="fullFlow_loadCacheUpdateAndReExecute" classname="org.demoiselle.jee.integration.ConfigScriptIT" time="0.028"/>
  <testcase name="evalWithoutEngineLoaded_throwsException" classname="org.demoiselle.jee.integration.ConfigScriptIT" time="0.005"/>
  <testcase name="loadEngineAndExecuteScriptWithParameters" classname="org.demoiselle.jee.integration.ConfigScriptIT" time="0.022"/>
</testsuite>