# JRE version: Java(TM) SE Runtime Environment (8.0_101-b13) (build 1.8.0_101-b13)
# Java VM: Java HotSpot(TM) 64-Bit Server VM (25.101-b13 mixed mode linux-amd64 compressed oops)
Heap:
 PSYoungGen      total 333824K, used 450K [0x00000000d6a00000, 0x00000000f0800000, 0x0000000100000000)
  eden space 315392K, 0% used [0x00000000d6a00000,0x00000000d6a00000,0x00000000e9e00000)
  from space 18432K, 2% used [0x00000000eb080000,0x00000000eb0f0b30,0x00000000ec280000)
  to   space 18944K, 0% used [0x00000000e9e00000,0x00000000e9e00000,0x00000000eb080000)
 ParOldGen       total 92672K, used 37450K [0x0000000083e00000, 0x0000000089880000, 0x00000000d6a00000)
  object space 92672K, 40% used [0x0000000083e00000,0x00000000862928a8,0x0000000089880000)
 Metaspace       used 53755K, capacity 58937K, committed 59028K, reserved 1101824K
  class space    used 6170K, capacity 7680K, committed 7680K, reserved 1048576K
GC Heap History (10 events):
Event: 3,025 GC heap after
Heap after GC invocations=10 (full 1):
 PSYoungGen      total 202240K, used 9654K [0x00000000d6a00000, 0x00000000e8000000, 0x0000000100000000)
  eden space 190976K, 0% used [0x00000000d6a00000,0x00000000d6a00000,0x00000000e2480000)
  from space 11264K, 85% used [0x00000000e2480000,0x00000000e2ded928,0x00000000e2f80000)
  to   space 12288K, 0% used [0x00000000e7400000,0x00000000e7400000,0x00000000e8000000)
 ParOldGen       total 59904K, used 14724K [0x0000000083e00000, 0x0000000087880000, 0x00000000d6a00000)
  object space 59904K, 24% used [0x0000000083e00000,0x0000000084c61100,0x0000000087880000)
 Metaspace       used 32533K, capacity 35272K, committed 35416K, reserved 1081344K
  class space    used 3685K, capacity 4549K, committed 4608K, reserved 1048576K
}
Event: 3,026 GC heap before
{Heap before GC invocations=11 (full 2):
 PSYoungGen      total 202240K, used 9654K [0x00000000d6a00000, 0x00000000e8000000, 0x0000000100000000)
  eden space 190976K, 0% used [0x00000000d6a00000,0x00000000d6a00000,0x00000000e2480000)
  from space 11264K, 85% used [0x00000000e2480000,0x00000000e2ded928,0x00000000e2f80000)
  to   space 12288K, 0% used [0x00000000e7400000,0x00000000e7400000,0x00000000e8000000)
 ParOldGen       total 59904K, used 14724K [0x0000000083e00000, 0x0000000087880000, 0x00000000d6a00000)
  object space 59904K, 24% used [0x0000000083e00000,0x0000000084c61100,0x0000000087880000)
 Metaspace       used 32533K, capacity 35272K, committed 35416K, reserved 1081344K
  class space    used 3685K, capacity 4549K, committed 4608K, reserved 1048576K
Event: 3,071 GC heap after
Heap after GC invocations=11 (full 2):
 PSYoungGen      total 202240K, used 0K [0x00000000d6a00000, 0x00000000e8000000, 0x0000000100000000)
  eden space 190976K, 0% used [0x00000000d6a00000,0x00000000d6a00000,0x00000000e2480000)
  from space 11264K, 0% used [0x00000000e2480000,0x00000000e2480000,0x00000000e2f80000)
  to   space 12288K, 0% used [0x00000000e7400000,0x00000000e7400000,0x00000000e8000000)
 ParOldGen       total 92672K, used 15921K [0x0000000083e00000, 0x0000000089880000, 0x00000000d6a00000)
  object space 92672K, 17% used [0x0000000083e00000,0x0000000084d8c640,0x0000000089880000)
 Metaspace       used 32533K, capacity 35272K, committed 35416K, reserved 1081344K
  class space    used 3685K, capacity 4549K, committed 4608K, reserved 1048576K
}
Event: 3,606 GC heap before
{Heap before GC invocations=12 (full 2):
 PSYoungGen      total 202240K, used 190976K [0x00000000d6a00000, 0x00000000e8000000, 0x0000000100000000)
  eden space 190976K, 100% used [0x00000000d6a00000,0x00000000e2480000,0x00000000e2480000)
  from space 11264K, 0% used [0x00000000e2480000,0x00000000e2480000,0x00000000e2f80000)
  to   space 12288K, 0% used [0x00000000e7400000,0x00000000e7400000,0x00000000e8000000)
 ParOldGen       total 92672K, used 15921K [0x0000000083e00000, 0x0000000089880000, 0x00000000d6a00000)
  object space 92672K, 17% used [0x0000000083e00000,0x0000000084d8c640,0x0000000089880000)
 Metaspace       used 41544K, capacity 45346K, committed 45696K, reserved 1089536K
  class space    used 4824K, capacity 5903K, committed 6016K, reserved 1048576K
Event: 3,617 GC heap after
Heap after GC invocations=12 (full 2):
 PSYoungGen      total 257536K, used 12279K [0x00000000d6a00000, 0x00000000e8000000, 0x0000000100000000)
  eden space 245248K, 0% used [0x00000000d6a00000,0x00000000d6a00000,0x00000000e5980000)
  from space 12288K, 99% used [0x00000000e7400000,0x00000000e7ffdc40,0x00000000e8000000)
  to   space 14336K, 0% used [0x00000000e6400000,0x00000000e6400000,0x00000000e7200000)
 ParOldGen       total 92672K, used 17074K [0x0000000083e00000, 0x0000000089880000, 0x00000000d6a00000)
  object space 92672K, 18% used [0x0000000083e00000,0x0000000084eac8f8,0x0000000089880000)
 Metaspace       used 41544K, capacity 45346K, committed 45696K, reserved 1089536K
  class space    used 4824K, capacity 5903K, committed 6016K, reserved 1048576K
}
Event: 4,170 GC heap before
{Heap before GC invocations=13 (full 2):
 PSYoungGen      total 257536K, used 257527K [0x00000000d6a00000, 0x00000000e8000000, 0x0000000100000000)
  eden space 245248K, 100% used [0x00000000d6a00000,0x00000000e5980000,0x00000000e5980000)
  from space 12288K, 99% used [0x00000000e7400000,0x00000000e7ffdc40,0x00000000e8000000)
  to   space 14336K, 0% used [0x00000000e6400000,0x00000000e6400000,0x00000000e7200000)
 ParOldGen       total 92672K, used 17074K [0x0000000083e00000, 0x0000000089880000, 0x00000000d6a00000)
  object space 92672K, 18% used [0x0000000083e00000,0x0000000084eac8f8,0x0000000089880000)
 Metaspace       used 53476K, capacity 58586K, committed 58880K, reserved 1099776K
  class space    used 6124K, capacity 7625K, committed 7680K, reserved 1048576K
Event: 4,186 GC heap after
Heap after GC invocations=13 (full 2):
 PSYoungGen      total 270336K, used 14332K [0x00000000d6a00000, 0x00000000ec280000, 0x0000000100000000)
  eden space 256000K, 0% used [0x00000000d6a00000,0x00000000d6a00000,0x00000000e6400000)
  from space 14336K, 99% used [0x00000000e6400000,0x00000000e71ff318,0x00000000e7200000)
  to   space 18432K, 0% used [0x00000000eb080000,0x00000000eb080000,0x00000000ec280000)
 ParOldGen       total 92672K, used 23265K [0x0000000083e00000, 0x0000000089880000, 0x00000000d6a00000)
  object space 92672K, 25% used [0x0000000083e00000,0x00000000854b86a8,0x0000000089880000)
 Metaspace       used 53476K, capacity 58586K, committed 58880K, reserved 1099776K
  class space    used 6124K, capacity 7625K, committed 7680K, reserved 1048576K
}
Event: 4,202 GC heap before
{Heap before GC invocations=14 (full 2):
 PSYoungGen      total 270336K, used 23196K [0x00000000d6a00000, 0x00000000ec280000, 0x0000000100000000)
  eden space 256000K, 3% used [0x00000000d6a00000,0x00000000d72a7fd8,0x00000000e6400000)
  from space 14336K, 99% used [0x00000000e6400000,0x00000000e71ff318,0x00000000e7200000)
  to   space 18432K, 0% used [0x00000000eb080000,0x00000000eb080000,0x00000000ec280000)
 ParOldGen       total 92672K, used 23265K [0x0000000083e00000, 0x0000000089880000, 0x00000000d6a00000)
  object space 92672K, 25% used [0x0000000083e00000,0x00000000854b86a8,0x0000000089880000)
 Metaspace       used 53755K, capacity 58937K, committed 59028K, reserved 1101824K
  class space    used 6170K, capacity 7680K, committed 7680K, reserved 1048576K
Event: 4,219 GC heap after
Heap after GC invocations=14 (full 2):
 PSYoungGen      total 333824K, used 450K [0x00000000d6a00000, 0x00000000f0800000, 0x0000000100000000)
  eden space 315392K, 0% used [0x00000000d6a00000,0x00000000d6a00000,0x00000000e9e00000)
  from space 18432K, 2% used [0x00000000eb080000,0x00000000eb0f0b30,0x00000000ec280000)
  to   space 18944K, 0% used [0x00000000e9e00000,0x00000000e9e00000,0x00000000eb080000)
 ParOldGen       total 92672K, used 37450K [0x0000000083e00000, 0x0000000089880000, 0x00000000d6a00000)
  object space 92672K, 40% used [0x0000000083e00000,0x00000000862928a8,0x0000000089880000)
 Metaspace       used 53755K, capacity 58937K, committed 59028K, reserved 1101824K
  class space    used 6170K, capacity 7680K, committed 7680K, reserved 1048576K
}
Event: 4,219 GC heap before
{Heap before GC invocations=15 (full 3):
 PSYoungGen      total 333824K, used 450K [0x00000000d6a00000, 0x00000000f0800000, 0x0000000100000000)
  eden space 315392K, 0% used [0x00000000d6a00000,0x00000000d6a00000,0x00000000e9e00000)
  from space 18432K, 2% used [0x00000000eb080000,0x00000000eb0f0b30,0x00000000ec280000)
  to   space 18944K, 0% used [0x00000000e9e00000,0x00000000e9e00000,0x00000000eb080000)
 ParOldGen       total 92672K, used 37450K [0x0000000083e00000, 0x0000000089880000, 0x00000000d6a00000)
  object space 92672K, 40% used [0x0000000083e00000,0x00000000862928a8,0x0000000089880000)
 Metaspace       used 53755K, capacity 58937K, committed 59028K, reserved 1101824K
  class space    used 6170K, capacity 7680K, committed 7680K, reserved 1048576K

